<?xml version="1.0" encoding="UTF-8"?>
<!-- Generated by org.testng.reporters.JUnitXMLReporter -->
<testsuite hostname="DESKTOP-CM7QV2O" name="Default test" tests="3" failures="0" timestamp="13 Sep 2020 17:23:36 GMT" time="0.052" errors="0">
  <testcase name="validate_ITS_Home_Test1" time="0.006" classname="com.its.qa.Test.ITS_Home"/>
  <testcase name="validate_ITS_Home_Test2" time="0.002" classname="com.its.qa.Test.ITS_Home"/>
  <testcase name="validate_ITS_Home_Test3" time="0.003" classname="com.its.qa.Test.ITS_Home"/>
</testsuite> <!-- Default test -->
