<?xml version="1.0" encoding="UTF-8"?>
<testng-results skipped="0" failed="0" total="3" passed="3">
  <reporter-output>
  </reporter-output>
  <suite name="Default suite" duration-ms="52" started-at="2020-09-13T17:23:36Z" finished-at="2020-09-13T17:23:36Z">
    <groups>
    </groups>
    <test name="Default test" duration-ms="52" started-at="2020-09-13T17:23:36Z" finished-at="2020-09-13T17:23:36Z">
      <class name="com.its.qa.Test.ITS_Home">
        <test-method status="PASS" signature="EnvironmentSetUp()[pri:0, instance:com.its.qa.Test.ITS_Home@1134affc]" name="EnvironmentSetUp" is-config="true" duration-ms="14" started-at="2020-09-13T22:53:36Z" finished-at="2020-09-13T22:53:36Z">
          <reporter-output>
          </reporter-output>
        </test-method> <!-- EnvironmentSetUp -->
        <test-method status="PASS" signature="validate_ITS_Home_Test1()[pri:1, instance:com.its.qa.Test.ITS_Home@1134affc]" name="validate_ITS_Home_Test1" duration-ms="6" started-at="2020-09-13T22:53:36Z" finished-at="2020-09-13T22:53:36Z">
          <reporter-output>
          </reporter-output>
        </test-method> <!-- validate_ITS_Home_Test1 -->
        <test-method status="PASS" signature="SetUp()[pri:0, instance:com.its.qa.Test.ITS_Home@1134affc]" name="SetUp" is-config="true" duration-ms="0" started-at="2020-09-13T22:53:36Z" finished-at="2020-09-13T22:53:36Z">
          <reporter-output>
          </reporter-output>
        </test-method> <!-- SetUp -->
        <test-method status="PASS" signature="ClosetheBroser()[pri:0, instance:com.its.qa.Test.ITS_Home@1134affc]" name="ClosetheBroser" is-config="true" duration-ms="1" started-at="2020-09-13T22:53:36Z" finished-at="2020-09-13T22:53:36Z">
          <reporter-output>
          </reporter-output>
        </test-method> <!-- ClosetheBroser -->
        <test-method status="PASS" signature="SetUp()[pri:0, instance:com.its.qa.Test.ITS_Home@1134affc]" name="SetUp" is-config="true" duration-ms="0" started-at="2020-09-13T22:53:36Z" finished-at="2020-09-13T22:53:36Z">
          <reporter-output>
          </reporter-output>
        </test-method> <!-- SetUp -->
        <test-method status="PASS" signature="validate_ITS_Home_Test2()[pri:11, instance:com.its.qa.Test.ITS_Home@1134affc]" name="validate_ITS_Home_Test2" duration-ms="2" started-at="2020-09-13T22:53:36Z" finished-at="2020-09-13T22:53:36Z">
          <reporter-output>
          </reporter-output>
        </test-method> <!-- validate_ITS_Home_Test2 -->
        <test-method status="PASS" signature="ClosetheBroser()[pri:0, instance:com.its.qa.Test.ITS_Home@1134affc]" name="ClosetheBroser" is-config="true" duration-ms="1" started-at="2020-09-13T22:53:36Z" finished-at="2020-09-13T22:53:36Z">
          <reporter-output>
          </reporter-output>
        </test-method> <!-- ClosetheBroser -->
        <test-method status="PASS" signature="SetUp()[pri:0, instance:com.its.qa.Test.ITS_Home@1134affc]" name="SetUp" is-config="true" duration-ms="1" started-at="2020-09-13T22:53:36Z" finished-at="2020-09-13T22:53:36Z">
          <reporter-output>
          </reporter-output>
        </test-method> <!-- SetUp -->
        <test-method status="PASS" signature="validate_ITS_Home_Test3()[pri:21, instance:com.its.qa.Test.ITS_Home@1134affc]" name="validate_ITS_Home_Test3" duration-ms="3" started-at="2020-09-13T22:53:36Z" finished-at="2020-09-13T22:53:36Z">
          <reporter-output>
          </reporter-output>
        </test-method> <!-- validate_ITS_Home_Test3 -->
        <test-method status="PASS" signature="ClosetheBroser()[pri:0, instance:com.its.qa.Test.ITS_Home@1134affc]" name="ClosetheBroser" is-config="true" duration-ms="0" started-at="2020-09-13T22:53:36Z" finished-at="2020-09-13T22:53:36Z">
          <reporter-output>
          </reporter-output>
        </test-method> <!-- ClosetheBroser -->
        <test-method status="PASS" signature="TestCompleted()[pri:0, instance:com.its.qa.Test.ITS_Home@1134affc]" name="TestCompleted" is-config="true" duration-ms="0" started-at="2020-09-13T22:53:36Z" finished-at="2020-09-13T22:53:36Z">
          <reporter-output>
          </reporter-output>
        </test-method> <!-- TestCompleted -->
      </class> <!-- com.its.qa.Test.ITS_Home -->
    </test> <!-- Default test -->
  </suite> <!-- Default suite -->
</testng-results>
